Arguments: 
  /Users/simon/.nvm/versions/node/v8.12.0/bin/node /usr/local/Cellar/yarn/1.15.2/libexec/bin/yarn.js

PATH: 
  /usr/local/opt/mysql@5.6/bin:/Users/simon/.nvm/versions/node/v8.12.0/bin:/Users/simon/bin:/usr/local/bin:/Users/simon/.cargo/bin:/Library/Frameworks/Python.framework/Versions/3.6/bin:/usr/local/bin:/usr/bin:/bin:/usr/sbin:/sbin:/usr/local/opt/mysql@5.6/bin:/Users/simon/bin:/Users/simon/.cargo/bin:/Library/Frameworks/Python.framework/Versions/3.6/bin:info If you think this is a bug, please open a bug report with the information provided in "/Users/simon/Documents/personalProjects/wedding/yarn-error.log".
  info Visit https://yarnpkg.com/en/docs/cli/global for documentation about this command.

Yarn version: 
  1.15.2

Node version: 
  8.12.0

Platform: 
  darwin x64

Trace: 
  SyntaxError: /Users/simon/Documents/personalProjects/wedding/package.json: Unexpected end of JSON input
      at JSON.parse (<anonymous>)
      at /usr/local/Cellar/yarn/1.15.2/libexec/lib/cli.js:1625:59
      at Generator.next (<anonymous>)
      at step (/usr/local/Cellar/yarn/1.15.2/libexec/lib/cli.js:304:30)
      at /usr/local/Cellar/yarn/1.15.2/libexec/lib/cli.js:315:13
      at <anonymous>

npm manifest: 
  

yarn manifest: 
  No manifest

Lockfile: 
  No lockfile
